<?xml version="1.0" encoding="UTF-8"?>
<!-- Generated by org.testng.reporters.JUnitReportReporter -->
<testsuite skipped="0" hostname="BLT009" name="gradledemo.basictest" tests="1" failures="0" timestamp="2020-02-20T11:24:40 IST" time="5.339" errors="0">
  <testcase name="login" time="5.339" classname="gradledemo.basictest"/>
  <system-out/>
</testsuite> <!-- gradledemo.basictest -->
